<?xml version="1.0" encoding="UTF-8" ?>
<testsuite errors="0" failures="0" hostname="HEIDY-PC" name="ejercicio1.UtilidadesStringTest" tests="3" time="0.302" timestamp="2013-07-07T20:56:44">
  <properties>
    <property name="libs.jsp-compiler.javadoc" value="" />
    <property name="netbeans.autoupdate.country" value="ES" />
    <property name="platforms.Oracle_Java_TM__Platform_Micro_Edition_SDK_3_0_5.debugcommandline" value="" />
    <property name="javac.test.classpath" value=":build/classes:C:\Users\UDC\AppData\Roaming\NetBeans\7.2\modules\ext\junit-4.10.jar" />
    <property name="libs.jsf20.maven-pom" value="" />
    <property name="libs.j2me_ant_ext.javadoc" value="" />
    <property name="libs.junit.javadoc" value="C:\Users\UDC\AppData\Roaming\NetBeans\7.2\docs\junit-3.8.2-api.zip" />
    <property name="libs.nokiaS80-ant-utils.javadoc" value="" />
    <property name="ant.core.lib" value="C:\Program Files\NetBeans 7.2\java\ant\lib\ant.jar" />
    <property name="deployments.Scp.default.deployment.scp.userid" value="" />
    <property name="libs.jakarta_slide_ant_webdav.javadoc" value="" />
    <property name="javadoc.windowtitle" value="" />
    <property name="libs.jsp-compilation.javadoc" value="" />
    <property name="user.dir" value="C:\Users\UDC\Documents\proyectoDs\ArmenterosF-IzaguirreH-b1" />
    <property name="libs.hibernate-persistence.javadoc" value="" />
    <property name="libs.JMUnit4CLDC10.javadoc" value="C:\Program Files\NetBeans 7.2\mobility\modules\docs\jmunit-1.2.1-api.zip" />
    <property name="java.vm.version" value="19.0-b09" />
    <property name="libs.jstl11.maven-pom" value="" />
    <property name="libs.Java-EE-GlassFish-v3.wsimport" value="" />
    <property name="libs.MySQLDriver.classpath" value="C:\Program Files\NetBeans 7.2\ide\modules\ext\mysql-connector-java-5.1.18-bin.jar" />
    <property name="libs.eclipselinkmodelgen.src" value="" />
    <property name="libs.jstl11.src" value="" />
    <property name="javadoc.notree" value="false" />
    <property name="deployments.WebDAV.default.deployment.webdav.server" value="" />
    <property name="netbeans.autoupdate.version" value="1.23" />
    <property name="libs.EclipseLink-GlassFish-v3.classpath" value="C:\Program Files\glassfish-3.1.2.2\glassfish\modules\org.eclipse.persistence.antlr.jar;C:\Program Files\glassfish-3.1.2.2\glassfish\modules\org.eclipse.persistence.asm.jar;C:\Program Files\glassfish-3.1.2.2\glassfish\modules\org.eclipse.persistence.core.jar;C:\Program Files\glassfish-3.1.2.2\glassfish\modules\org.eclipse.persistence.jpa.jar;C:\Program Files\glassfish-3.1.2.2\glassfish\modules\org.eclipse.persistence.jpa.modelgen.jar;C:\Program Files\glassfish-3.1.2.2\glassfish\modules\org.eclipse.persistence.moxy.jar;C:\Program Files\glassfish-3.1.2.2\glassfish\modules\org.eclipse.persistence.oracle.jar;C:\Program Files\glassfish-3.1.2.2\glassfish\modules\javax.persistence.jar" />
    <property name="libs.javaee-web-api-6.0.classpath" value="C:\Program Files\NetBeans 7.2\enterprise\modules\ext\javaee-web-api-6.0.jar" />
    <property name="libs.hibernate-support.maven-pom" value="" />
    <property name="libs.hibernate-support.javadoc" value="" />
    <property name="jdk.home" value="C:\Program Files\Java\jdk1.6.0_23" />
    <property name="libs.javac-api.src" value="" />
    <property name="javadoc.noindex" value="false" />
    <property name="sun.os.patch.level" value="" />
    <property name="deployments.WebDAV.default.deployment.webdav.port" value="80" />
    <property name="do.archive+manifest.available" value="true" />
    <property name="java.vm.specification.name" value="Java Virtual Machine Specification" />
    <property name="libs.semc-ant-utils.classpath" value="C:\Program Files\NetBeans 7.2\mobility\modules\ext\org-netbeans-modules-j2me-cdc-project-semc.jar" />
    <property name="nb.show.statistics.ui" value="usageStatisticsEnabled" />
    <property name="libs.nokiadeployment.classpath" value="C:\Program Files\NetBeans 7.2\mobility\modules\org-netbeans-modules-mobility-deployment-nokia.jar" />
    <property name="netbeans.autoupdate.variant" value="" />
    <property name="have.tests" value="true" />
    <property name="libs.nokiaS80-ant-utils.maven-pom" value="" />
    <property name="org.xml.sax.driver" value="com.sun.org.apache.xerces.internal.jaxp.SAXParserImpl$JAXPSAXParser" />
    <property name="libs.javac-api.javadoc" value="" />
    <property name="os.name" value="Windows 7" />
    <property name="libs.beans-binding.classpath" value="C:\Program Files\NetBeans 7.2\java\modules\ext\beansbinding-1.2.1.jar" />
    <property name="ap.proc.none.internal" value="" />
    <property name="libs.restapi.javadoc" value="C:\Program Files\NetBeans 7.2\enterprise\docs\jsr311-api-1.1.1-javadoc.zip" />
    <property name="libs.JWSAntTasks.maven-pom" value="" />
    <property name="libs.testng.src" value="" />
    <property name="libs.ojec-ant-utils.src" value="" />
    <property name="libs.spring-webmvc3.0.src" value="" />
    <property name="libs.restapi.classpath" value="C:\Program Files\NetBeans 7.2\enterprise\modules\ext\rest\jsr311-api-1.1.1.jar" />
    <property name="platforms.CDC_Oracle_Java_TM__Platform_Micro_Edition_SDK_3_0_5.type" value="cdc-hi" />
    <property name="java.vendor.url.bug" value="http://java.sun.com/cgi-bin/bugreport.cgi" />
    <property name="libs.jaxb.maven-pom" value="" />
    <property name="os.arch" value="x86" />
    <property name="libs.eclipselink.src" value="" />
    <property name="user.name" value="UDC" />
    <property name="libs.jsf12.javadoc" value="C:\Program Files\NetBeans 7.2\enterprise\docs\javaee6-doc-api.zip" />
    <property name="libs.Comet-GlassFish-v3.javadoc" value="" />
    <property name="copylibs.rebase" value="true" />
    <property name="manifest.available+main.class" value="true" />
    <property name="libs.spring-webmvc3.0.maven-pom" value="" />
    <property name="libs.swing-layout.maven-pom" value="" />
    <property name="build.classes.dir" value="build/classes" />
    <property name="netbeans.accept_license_class" value="org.netbeans.license.AcceptLicense" />
    <property name="libs.Java-EE-GlassFish-v3.wsjwsdp" value="" />
    <property name="build.sysclasspath" value="ignore" />
    <property name="ap.supported.internal" value="true" />
    <property name="platforms.Oracle_Java_TM__Platform_Micro_Edition_SDK_3_0_5.home" value="C:\Program Files\NetBeans 7.2\mobility\Java_ME_platform_SDK_3.0.5" />
    <property name="libs.jaxws21.javadoc" value="C:\Program Files\NetBeans 7.2\java\docs\jaxws-api-doc.zip" />
    <property name="includes" value="**" />
    <property name="libs.ojec-ant-utils.maven-pom" value="" />
    <property name="user.country" value="ES" />
    <property name="manifest.file" value="manifest.mf" />
    <property name="libs.jstl11.javadoc" value="C:\Program Files\NetBeans 7.2\enterprise\docs\javaee6-doc-api.zip" />
    <property name="libs.JMUnit4CLDC11.src" value="" />
    <property name="javadoc.encoding" value="UTF-8" />
    <property name="javac.classpath" value="" />
    <property name="libs.jsp-compilation-syscp.src" value="" />
    <property name="libs.JAVADB_DRIVER_LABEL.src" value="" />
    <property name="debug-transport" value="dt_shmem" />
    <property name="netbeans.home" value="C:\Program Files\NetBeans 7.2\platform" />
    <property name="build.compiler.emacs" value="true" />
    <property name="libs.javaee-web-api-6.0.src" value="" />
    <property name="libs.ejb3-persistence.src" value="" />
    <property name="libs.Java-EE-GlassFish-v3.javadoc" value="C:\Program Files\NetBeans 7.2\enterprise\docs\javaee6-doc-api.zip" />
    <property name="libs.jsp-compilation-syscp.classpath" value="C:\Program Files\NetBeans 7.2\java\ant\lib\ant.jar;C:\Program Files\NetBeans 7.2\enterprise\modules\ext\servlet3.0-jsp2.2-api.jar;C:\Program Files\NetBeans 7.2\enterprise\modules\ext\glassfish-jspparser-3.0.jar;C:\Program Files\NetBeans 7.2\enterprise\modules\ext\standard.jar;C:\Program Files\NetBeans 7.2\enterprise\modules\ext\jsf-2_1\jsf-impl.jar" />
    <property name="libs.nokiaS80-ant-utils.src" value="" />
    <property name="libs.cdc-pp-awt-layout.javadoc" value="" />
    <property name="libs.j2me_ant_ext.classpath" value="C:\Program Files\NetBeans 7.2\mobility\modules\org-netbeans-modules-mobility-antext.jar;C:\Program Files\NetBeans 7.2\java\modules\org-netbeans-modules-classfile.jar" />
    <property name="java.endorsed.dirs" value="C:\Program Files\Java\jdk1.6.0_23\jre\lib\endorsed" />
    <property name="libs.Comet-GlassFish-v3.maven-pom" value="" />
    <property name="libs.groovy-all.src" value="" />
    <property name="netbeans.dynamic.classpath" value="C:\Program Files\NetBeans 7.2\platform\core\core.jar;C:\Program Files\NetBeans 7.2\platform\core\org-openide-filesystems.jar;C:\Program Files\NetBeans 7.2\platform\core\locale\core_ar_SA.jar;C:\Program Files\NetBeans 7.2\platform\core\locale\core_bg.jar;C:\Program Files\NetBeans 7.2\platform\core\locale\core_ca.jar;C:\Program Files\NetBeans 7.2\platform\core\locale\core_cs.jar;C:\Program Files\NetBeans 7.2\platform\core\locale\core_de.jar;C:\Program Files\NetBeans 7.2\platform\core\locale\core_es.jar;C:\Program Files\NetBeans 7.2\platform\core\locale\core_fr.jar;C:\Program Files\NetBeans 7.2\platform\core\locale\core_gl_ES.jar;C:\Program Files\NetBeans 7.2\platform\core\locale\core_in_ID.jar;C:\Program Files\NetBeans 7.2\platform\core\locale\core_it.jar;C:\Program Files\NetBeans 7.2\platform\core\locale\core_ko.jar;C:\Program Files\NetBeans 7.2\platform\core\locale\core_nl_NL.jar;C:\Program Files\NetBeans 7.2\platform\core\locale\core_pl.jar;C:\Program Files\NetBeans 7.2\platform\core\locale\core_pt_PT.jar;C:\Program Files\NetBeans 7.2\platform\core\locale\core_ro.jar;C:\Program Files\NetBeans 7.2\platform\core\locale\core_si.jar;C:\Program Files\NetBeans 7.2\platform\core\locale\core_sq.jar;C:\Program Files\NetBeans 7.2\platform\core\locale\core_sv.jar;C:\Program Files\NetBeans 7.2\platform\core\locale\core_tr.jar;C:\Program Files\NetBeans 7.2\platform\core\locale\core_zh_TW.jar;C:\Program Files\NetBeans 7.2\platform\core\locale\org-openide-filesystems_ar_SA.jar;C:\Program Files\NetBeans 7.2\platform\core\locale\org-openide-filesystems_bg.jar;C:\Program Files\NetBeans 7.2\platform\core\locale\org-openide-filesystems_ca.jar;C:\Program Files\NetBeans 7.2\platform\core\locale\org-openide-filesystems_cs.jar;C:\Program Files\NetBeans 7.2\platform\core\locale\org-openide-filesystems_de.jar;C:\Program Files\NetBeans 7.2\platform\core\locale\org-openide-filesystems_es.jar;C:\Program Files\NetBeans 7.2\platform\core\locale\org-openide-filesystems_fr.jar;C:\Program Files\NetBeans 7.2\platform\core\locale\org-openide-filesystems_gl_ES.jar;C:\Program Files\NetBeans 7.2\platform\core\locale\org-openide-filesystems_in_ID.jar;C:\Program Files\NetBeans 7.2\platform\core\locale\org-openide-filesystems_it.jar;C:\Program Files\NetBeans 7.2\platform\core\locale\org-openide-filesystems_ko.jar;C:\Program Files\NetBeans 7.2\platform\core\locale\org-openide-filesystems_nl_NL.jar;C:\Program Files\NetBeans 7.2\platform\core\locale\org-openide-filesystems_pl.jar;C:\Program Files\NetBeans 7.2\platform\core\locale\org-openide-filesystems_pt_PT.jar;C:\Program Files\NetBeans 7.2\platform\core\locale\org-openide-filesystems_ro.jar;C:\Program Files\NetBeans 7.2\platform\core\locale\org-openide-filesystems_si.jar;C:\Program Files\NetBeans 7.2\platform\core\locale\org-openide-filesystems_sq.jar;C:\Program Files\NetBeans 7.2\platform\core\locale\org-openide-filesystems_sv.jar;C:\Program Files\NetBeans 7.2\platform\core\locale\org-openide-filesystems_tr.jar;C:\Program Files\NetBeans 7.2\platform\core\locale\org-openide-filesystems_zh_TW.jar;C:\Program Files\NetBeans 7.2\nb\core\org-netbeans-upgrader.jar;C:\Program Files\NetBeans 7.2\nb\core\locale\core_nb.jar;C:\Program Files\NetBeans 7.2\nb\core\locale\core_nb_ca.jar;C:\Program Files\NetBeans 7.2\nb\core\locale\core_nb_de.jar;C:\Program Files\NetBeans 7.2\nb\core\locale\core_nb_es.jar;C:\Program Files\NetBeans 7.2\nb\core\locale\core_nb_fr.jar;C:\Program Files\NetBeans 7.2\nb\core\locale\core_nb_gl_ES.jar;C:\Program Files\NetBeans 7.2\nb\core\locale\core_nb_it.jar;C:\Program Files\NetBeans 7.2\nb\core\locale\core_nb_ko.jar;C:\Program Files\NetBeans 7.2\nb\core\locale\core_nb_nl_NL.jar;C:\Program Files\NetBeans 7.2\nb\core\locale\core_nb_sv.jar;C:\Program Files\NetBeans 7.2\nb\core\locale\core_nb_tr.jar;C:\Program Files\NetBeans 7.2\nb\core\locale\core_nb_zh_TW.jar;C:\Program Files\NetBeans 7.2\nb\core\locale\org-netbeans-upgrader_ca.jar;C:\Program Files\NetBeans 7.2\nb\core\locale\org-netbeans-upgrader_de.jar;C:\Program Files\NetBeans 7.2\nb\core\locale\org-netbeans-upgrader_es.jar;C:\Program Files\NetBeans 7.2\nb\core\locale\org-netbeans-upgrader_fr.jar;C:\Program Files\NetBeans 7.2\nb\core\locale\org-netbeans-upgrader_gl_ES.jar;C:\Program Files\NetBeans 7.2\nb\core\locale\org-netbeans-upgrader_it.jar;C:\Program Files\NetBeans 7.2\nb\core\locale\org-netbeans-upgrader_ko.jar;C:\Program Files\NetBeans 7.2\nb\core\locale\org-netbeans-upgrader_nl_NL.jar;C:\Program Files\NetBeans 7.2\nb\core\locale\org-netbeans-upgrader_sv.jar;C:\Program Files\NetBeans 7.2\nb\core\locale\org-netbeans-upgrader_tr.jar;C:\Program Files\NetBeans 7.2\nb\core\locale\org-netbeans-upgrader_zh_TW.jar" />
    <property name="libs.cdc-agui-swing-layout.maven-pom" value="" />
    <property name="libs.cdc-pp-awt-layout.src" value="C:\Program Files\NetBeans 7.2\mobility\sources\cdc-pp-awt-layout-src.zip" />
    <property name="java.vm.specification.version" value="1.0" />
    <property name="libs.jakarta_slide_ant_webdav.src" value="" />
    <property name="libs.primefaces.classpath" value="C:\Program Files\NetBeans 7.2\enterprise\modules\ext\primefaces\primefaces-3.2.jar" />
    <property name="libs.javaee-api-6.0.classpath" value="C:\Program Files\NetBeans 7.2\enterprise\modules\ext\javaee-api-6.0.jar" />
    <property name="libs.sjmc-ant-utils.maven-pom" value="" />
    <property name="libs.groovy-all.maven-pom" value="" />
    <property name="libs.JMUnit4CLDC10.maven-pom" value="" />
    <property name="netbeans.productversion" value="NetBeans IDE 7.2 (Build 201207301726)" />
    <property name="libs.hibernate-persistence.classpath" value="C:\Program Files\NetBeans 7.2\java\modules\ext\hibernate\antlr-2.7.6.jar;C:\Program Files\NetBeans 7.2\java\modules\ext\hibernate\asm.jar;C:\Program Files\NetBeans 7.2\java\modules\ext\hibernate\asm-attrs.jar;C:\Program Files\NetBeans 7.2\java\modules\ext\hibernate\cglib-2.1.3.jar;C:\Program Files\NetBeans 7.2\java\modules\ext\hibernate\commons-collections-2.1.1.jar;C:\Program Files\NetBeans 7.2\ide\modules\org-apache-commons-logging.jar;C:\Program Files\NetBeans 7.2\java\modules\ext\hibernate\dom4j-1.6.1.jar;C:\Program Files\NetBeans 7.2\java\modules\ext\hibernate\ehcache-1.2.3.jar;C:\Program Files\NetBeans 7.2\java\modules\ext\hibernate\jdbc2_0-stdext.jar;C:\Program Files\NetBeans 7.2\java\modules\ext\hibernate\jta.jar;C:\Program Files\NetBeans 7.2\java\modules\ext\hibernate\hibernate3.jar;C:\Program Files\NetBeans 7.2\java\modules\ext\hibernate\hibernate-tools.jar;C:\Program Files\NetBeans 7.2\java\modules\ext\hibernate\hibernate-annotations.jar;C:\Program Files\NetBeans 7.2\java\modules\ext\hibernate\hibernate-commons-annotations.jar;C:\Program Files\NetBeans 7.2\java\modules\ext\hibernate\hibernate-entitymanager.jar;C:\Program Files\NetBeans 7.2\java\modules\ext\hibernate\javassist.jar;C:\Program Files\NetBeans 7.2\java\modules\ext\hibernate\ejb3-persistence.jar" />
    <property name="libs.jaxws21.src" value="" />
    <property name="do.archive" value="true" />
    <property name="netbeans.autoupdate.language" value="es" />
    <property name="libs.jakarta_slide_ant_webdav.classpath" value="C:\Program Files\NetBeans 7.2\mobility\modules\ext\commons-httpclient-3.0.1.jar;C:\Program Files\NetBeans 7.2\ide\modules\org-apache-commons-logging.jar;C:\Program Files\NetBeans 7.2\mobility\modules\ext\jdom-1.0.jar;C:\Program Files\NetBeans 7.2\mobility\modules\ext\jakarta-slide-webdavlib-2.1.jar;C:\Program Files\NetBeans 7.2\mobility\modules\ext\jakarta-slide-ant-webdav-2.1.jar" />
    <property name="java.vendor" value="Sun Microsystems Inc." />
    <property name="libs.JMUnit4CLDC10.src" value="" />
    <property name="libs.javaee-api-6.0.javadoc" value="C:\Program Files\NetBeans 7.2\enterprise\docs\javaee6-doc-api.zip" />
    <property name="jar.index.metainf" value="false" />
    <property name="javac.debug" value="true" />
    <property name="javadoc.splitindex" value="true" />
    <property name="file.separator" value="\" />
    <property name="libs.junit_4.maven-pom" value="" />
    <property name="deployments.Scp.default.deployment.scp.keyfile" value="" />
    <property name="mkdist.disabled" value="false" />
    <property name="javac.test.processorpath" value=":build/classes:C:\Users\UDC\AppData\Roaming\NetBeans\7.2\modules\ext\junit-4.10.jar" />
    <property name="netbeans.buildnumber" value="201207301726" />
    <property name="libs.JWSAntTasks.javadoc" value="" />
    <property name="build.generated.sources.dir" value="build/generated-sources" />
    <property name="user.variant" value="" />
    <property name="libs.eclipselinkmodelgen.classpath" value="C:\Program Files\NetBeans 7.2\java\modules\ext\eclipselink\org.eclipse.persistence.jpa.modelgen.processor-2.3.2.jar" />
    <property name="libs.Java-EE-GlassFish-v3.wscompile" value="" />
    <property name="sun.java.launcher" value="SUN_STANDARD" />
    <property name="libs.junit.classpath" value="C:\Users\UDC\AppData\Roaming\NetBeans\7.2\modules\ext\junit-3.8.2.jar" />
    <property name="ant.file.type.ArmenterosF-IzaguirreH-b1" value="file" />
    <property name="libs.jaxb.javadoc" value="C:\Program Files\NetBeans 7.2\ide\docs\jaxb-api-doc.zip" />
    <property name="libs.struts.classpath" value="C:\Program Files\NetBeans 7.2\enterprise\modules\ext\struts\antlr-2.7.2.jar;C:\Program Files\NetBeans 7.2\enterprise\modules\ext\struts\bsf-2.3.0.jar;C:\Program Files\NetBeans 7.2\enterprise\modules\ext\struts\commons-beanutils-1.8.0.jar;C:\Program Files\NetBeans 7.2\enterprise\modules\ext\struts\commons-chain-1.2.jar;C:\Program Files\NetBeans 7.2\enterprise\modules\ext\struts\commons-digester-1.8.jar;C:\Program Files\NetBeans 7.2\enterprise\modules\ext\struts\commons-fileupload-1.1.1.jar;C:\Program Files\NetBeans 7.2\enterprise\modules\ext\struts\commons-io-1.1.jar;C:\Program Files\NetBeans 7.2\enterprise\modules\ext\struts\commons-logging-1.0.4.jar;C:\Program Files\NetBeans 7.2\enterprise\modules\ext\struts\commons-validator-1.3.1.jar;C:\Program Files\NetBeans 7.2\enterprise\modules\ext\struts\jstl-1.0.2.jar;C:\Program Files\NetBeans 7.2\enterprise\modules\ext\struts\oro-2.0.8.jar;C:\Program Files\NetBeans 7.2\enterprise\modules\ext\struts\standard-1.0.6.jar;C:\Program Files\NetBeans 7.2\enterprise\modules\ext\struts\struts-core-1.3.10.jar;C:\Program Files\NetBeans 7.2\enterprise\modules\ext\struts\struts-el-1.3.10.jar;C:\Program Files\NetBeans 7.2\enterprise\modules\ext\struts\struts-extras-1.3.10.jar;C:\Program Files\NetBeans 7.2\enterprise\modules\ext\struts\struts-faces-1.3.10.jar;C:\Program Files\NetBeans 7.2\enterprise\modules\ext\struts\struts-mailreader-dao-1.3.10.jar;C:\Program Files\NetBeans 7.2\enterprise\modules\ext\struts\struts-scripting-1.3.10.jar;C:\Program Files\NetBeans 7.2\enterprise\modules\ext\struts\struts-taglib-1.3.10.jar;C:\Program Files\NetBeans 7.2\enterprise\modules\ext\struts\struts-tiles-1.3.10.jar" />
    <property name="ant.home" value="C:\Program Files\NetBeans 7.2\java\ant" />
    <property name="libs.junit_4.src" value="C:\Users\UDC\AppData\Roaming\NetBeans\7.2\docs\junit-4.10-sources.jar" />
    <property name="libs.testng.classpath" value="C:\Program Files\NetBeans 7.2\platform\modules\ext\testng-6.5.1-dist.jar" />
    <property name="libs.absolutelayout.maven-pom" value="" />
    <property name="ant.java.version" value="1.6" />
    <property name="java.library.path" value="C:\Program Files\Java\jdk1.6.0_23\jre\bin;.;C:\Windows\Sun\Java\bin;C:\Windows\system32;C:\Windows;C:\Program Files\Common Files\Microsoft Shared\Windows Live;C:\Program Files\JavaFX\javafx-sdk1.3\bin;C:\Program Files\JavaFX\javafx-sdk1.3\emulator\bin;C:\Program Files\CodeGear\RAD Studio\6.0\bin;C:\Users\Public\Documents\RAD Studio\6.0\Bpl;C:\Windows\system32;C:\Windows;C:\Windows\System32\Wbem;C:\Windows\System32\WindowsPowerShell\v1.0\;C:\Program Files\Microsoft SQL Server\90\Tools\binn\;C:\Program Files\MySQL\MySQL Server 5.0\bin;C:\Program Files\Microsoft SQL Server\100\Tools\Binn\;C:\Program Files\Microsoft SQL Server\100\DTS\Binn\;C:\Program Files\Microsoft SQL Server\100\Tools\Binn\VSShell\Common7\IDE\;C:\Program Files\Microsoft Visual Studio 9.0\Common7\IDE\PrivateAssemblies\;C:\Program Files\Common Files\Ulead Systems\MPEG;C:\Program Files\Windows Live\Shared;C:\Program Files\jEdit;C:\Program Files\Subversion\bin;C:\Program Files\TortoiseSVN\bin;C:\Program Files\Internet Explorer" />
    <property name="javadoc.author" value="false" />
    <property name="libs.metro.maven-pom" value="" />
    <property name="manifest.available+main.class-mkdist.available" value="true" />
    <property name="libs.EclipseLink-GlassFish-v3.src" value="" />
    <property name="java.util.logging.config.class" value="org.netbeans.core.startup.TopLogging" />
    <property name="libs.PostgreSQLDriver.src" value="" />
    <property name="deployment.WebDAV.scriptfile" value="C:\Program Files\NetBeans 7.2\mobility\modules\scr\deploy-webdav-impl.xml" />
    <property name="sun.arch.data.model" value="32" />
    <property name="basedir" value="C:\Users\UDC\Documents\proyectoDs\ArmenterosF-IzaguirreH-b1" />
    <property name="libs.jpa20-persistence.maven-pom" value="" />
    <property name="jar.compress" value="false" />
    <property name="libs.jstl11.classpath" value="C:\Program Files\NetBeans 7.2\enterprise\modules\ext\standard.jar;C:\Program Files\NetBeans 7.2\enterprise\modules\ext\jstl.jar" />
    <property name="path.separator" value=";" />
    <property name="libs.javaee-web-api-6.0.javadoc" value="C:\Program Files\NetBeans 7.2\enterprise\docs\javaee6-doc-api.zip" />
    <property name="ant.junit.enabletestlistenerevents" value="true" />
    <property name="sun.io.unicode.encoding" value="UnicodeLittle" />
    <property name="libs.semc-ant-utils.javadoc" value="" />
    <property name="libs.jaxws21.classpath" value="C:\Program Files\NetBeans 7.2\ide\modules\ext\jaxb\jaxb-impl.jar;C:\Program Files\NetBeans 7.2\ide\modules\ext\jaxb\jaxb-xjc.jar;C:\Program Files\NetBeans 7.2\java\modules\ext\jaxws22\FastInfoset.jar;C:\Program Files\NetBeans 7.2\java\modules\ext\jaxws22\gmbal-api-only.jar;C:\Program Files\NetBeans 7.2\java\modules\ext\jaxws22\ha-api.jar;C:\Program Files\NetBeans 7.2\java\modules\ext\jaxws22\javax.mail_1.4.jar;C:\Program Files\NetBeans 7.2\java\modules\ext\jaxws22\jaxws-rt.jar;C:\Program Files\NetBeans 7.2\java\modules\ext\jaxws22\jaxws-tools.jar;C:\Program Files\NetBeans 7.2\java\modules\ext\jaxws22\management-api.jar;C:\Program Files\NetBeans 7.2\java\modules\ext\jaxws22\mimepull.jar;C:\Program Files\NetBeans 7.2\java\modules\ext\jaxws22\policy.jar;C:\Program Files\NetBeans 7.2\java\modules\ext\jaxws22\saaj-impl.jar;C:\Program Files\NetBeans 7.2\java\modules\ext\jaxws22\stax-ex.jar;C:\Program Files\NetBeans 7.2\java\modules\ext\jaxws22\stax2-api.jar;C:\Program Files\NetBeans 7.2\java\modules\ext\jaxws22\streambuffer.jar;C:\Program Files\NetBeans 7.2\java\modules\ext\jaxws22\woodstox-core-asl.jar;C:\Program Files\NetBeans 7.2\java\modules\ext\jaxws22\api\jaxws-api.jar;C:\Program Files\NetBeans 7.2\java\modules\ext\jaxws22\api\jsr181-api.jar;C:\Program Files\NetBeans 7.2\java\modules\ext\jaxws22\api\javax.annotation.jar;C:\Program Files\NetBeans 7.2\java\modules\ext\jaxws22\api\saaj-api.jar;C:\Program Files\NetBeans 7.2\ide\modules\ext\jaxb\activation.jar;C:\Program Files\NetBeans 7.2\ide\modules\ext\jaxb\api\jaxb-api.jar;C:\Program Files\NetBeans 7.2\ide\modules\ext\jaxb\api\jsr173_1.0_api.jar" />
    <property name="libs.struts.src" value="" />
    <property name="deployment.Scp.scriptfile" value="C:\Program Files\NetBeans 7.2\mobility\modules\scr\deploy-scp-impl.xml" />
    <property name="apple.awt.graphics.UseQuartz" value="true" />
    <property name="user.language" value="es" />
    <property name="deployments.WebDAV.default.deployment.webdav.password" value="" />
    <property name="testng.mode" value="testng" />
    <property name="libs.JAXB-ENDORSED.maven-pom" value="" />
    <property name="deployments.Scp.default.deployment.scp.port" value="22" />
    <property name="libs.spring-framework.classpath" value="C:\Program Files\NetBeans 7.2\ide\modules\org-apache-commons-logging.jar;C:\Program Files\NetBeans 7.2\java\modules\ext\cglib-2.2.jar;C:\Program Files\NetBeans 7.2\java\modules\ext\spring\spring-2.5.6.SEC03.jar" />
    <property name="libs.eclipselink.maven-pom" value="" />
    <property name="manifest.available" value="true" />
    <property name="libs.primefaces.javadoc" value="" />
    <property name="libs.spring-framework300.maven-pom" value="" />
    <property name="run.test.classpath" value="lib/cobertura-1.9.4.1/cobertura.jar:build/cobertura-instrumented-classes::build/classes:C:\Users\UDC\AppData\Roaming\NetBeans\7.2\modules\ext\junit-4.10.jar:build/test/classes" />
    <property name="ant.project.invoked-targets" value="cobertura-coverage-report" />
    <property name="deployments.DeviceAnywhere.default.deployment.deviceanywhere.password" value="" />
    <property name="libs.swing-layout.javadoc" value="C:\Program Files\NetBeans 7.2\platform\docs\swing-layout-1.0.4-doc.zip" />
    <property name="deployments.Ftp.default.deployment.ftp.server" value="" />
    <property name="cobertura.report.dir" value="build/cobertura-report" />
    <property name="libs.ejb3-persistence.maven-pom" value="" />
    <property name="libs.PostgreSQLDriver.maven-pom" value="" />
    <property name="java.class.version" value="50.0" />
    <property name="libs.JAVADB_DRIVER_LABEL.classpath" value="C:\Program Files\Sun\JavaDB\lib\derby.jar;C:\Program Files\Sun\JavaDB\lib\derbyclient.jar;C:\Program Files\Sun\JavaDB\lib\derbynet.jar" />
    <property name="deployments.Ftp.default.deployment.ftp.password" value="" />
    <property name="libs.javaee-endorsed-api-6.0.src" value="" />
    <property name="libs.cdc-ant-utils.classpath" value="C:\Program Files\NetBeans 7.2\mobility\modules\ext\org-netbeans-modules-j2me-cdc-project.jar" />
    <property name="netbeans.system_http_proxy" value="DIRECT" />
    <property name="libs.eclipselink.javadoc" value="" />
    <property name="libs.jsp-compilation.maven-pom" value="" />
    <property name="user.properties.file" value="C:\Users\UDC\AppData\Roaming\NetBeans\7.2\build.properties" />
    <property name="runtime.encoding" value="UTF-8" />
    <property name="libs.spring-framework.src" value="" />
    <property name="libs.javac-api.maven-pom" value="" />
    <property name="file.encoding.pkg" value="sun.io" />
    <property name="sun.cpu.endian" value="little" />
    <property name="libs.JAXB-ENDORSED.javadoc" value="" />
    <property name="deployments.Scp.default.deployment.scp.password" value="" />
    <property name="libs.JWSAntTasks.classpath" value="C:\Program Files\NetBeans 7.2\java\ant\extra\org-netbeans-modules-javawebstart-anttasks.jar" />
    <property name="libs.spring-framework300.src" value="" />
    <property name="libs.ant-contrib.classpath" value="C:\Program Files\NetBeans 7.2\mobility\modules\ext\ant-contrib-1.0b3.jar" />
    <property name="ant.file.type.ArmenterosF-IzaguirreH-b1-impl" value="file" />
    <property name="deployment.DeviceAnywhere.scriptfile" value="C:\Program Files\NetBeans 7.2\mobility\modules\scr\deploy-deviceanywhere-impl.xml" />
    <property name="empty.dir" value="C:\Users\UDC\Documents\proyectoDs\ArmenterosF-IzaguirreH-b1\build\empty" />
    <property name="platforms.Oracle_Java_TM__Platform_Micro_Edition_SDK_3_0_5.type" value="UEI-1.0.1" />
    <property name="version-output" value="java version &quot;1.6" />
    <property name="javadoc.preview" value="true" />
    <property name="libs.jpa20-persistence.javadoc" value="" />
    <property name="java.home" value="C:\Program Files\Java\jdk1.6.0_23\jre" />
    <property name="libs.ojec-ant-utils.javadoc" value="" />
    <property name="libs.jsp-compilation.src" value="" />
    <property name="libs.spring-webmvc.src" value="" />
    <property name="libs.ant-contrib.javadoc" value="" />
    <property name="debug.test.classpath" value="lib/cobertura-1.9.4.1/cobertura.jar:build/cobertura-instrumented-classes::build/classes:C:\Users\UDC\AppData\Roaming\NetBeans\7.2\modules\ext\junit-4.10.jar:build/test/classes" />
    <property name="libs.javaee-endorsed-api-6.0.classpath" value="C:\Program Files\NetBeans 7.2\enterprise\modules\ext\javaee6-endorsed\javax.annotation.jar;C:\Program Files\NetBeans 7.2\enterprise\modules\ext\javaee6-endorsed\jaxb-api-osgi.jar;C:\Program Files\NetBeans 7.2\enterprise\modules\ext\javaee6-endorsed\webservices-api-osgi.jar" />
    <property name="libs.javaee-api-6.0.src" value="" />
    <property name="netbeans.importclass" value="org.netbeans.upgrade.AutoUpgrade" />
    <property name="ant.project.default-target" value="default" />
    <property name="annotation.processing.run.all.processors" value="true" />
    <property name="libs.savaje-ant-utils.classpath" value="C:\Program Files\NetBeans 7.2\mobility\modules\ext\org-netbeans-modules-j2me-cdc-project-savaje.jar" />
    <property name="libs.PostgreSQLDriver.javadoc" value="" />
    <property name="libs.restlib.classpath" value="C:\Program Files\NetBeans 7.2\enterprise\modules\ext\rest\asm-3.1.jar;C:\Program Files\NetBeans 7.2\enterprise\modules\ext\rest\jackson-core-asl-1.7.1.jar;C:\Program Files\NetBeans 7.2\enterprise\modules\ext\rest\jackson-jaxrs-1.7.1.jar;C:\Program Files\NetBeans 7.2\enterprise\modules\ext\rest\jackson-mapper-asl-1.7.1.jar;C:\Program Files\NetBeans 7.2\enterprise\modules\ext\rest\jackson-xc-1.7.1.jar;C:\Program Files\NetBeans 7.2\enterprise\modules\ext\rest\jersey-apache-client-1.8.jar;C:\Program Files\NetBeans 7.2\enterprise\modules\ext\rest\jersey-atom-abdera-1.8.jar;C:\Program Files\NetBeans 7.2\enterprise\modules\ext\rest\jersey-client-1.8.jar;C:\Program Files\NetBeans 7.2\enterprise\modules\ext\rest\jersey-core-1.8.jar;C:\Program Files\NetBeans 7.2\enterprise\modules\ext\rest\jersey-guice-1.8.jar;C:\Program Files\NetBeans 7.2\enterprise\modules\ext\rest\jersey-json-1.8.jar;C:\Program Files\NetBeans 7.2\enterprise\modules\ext\rest\jersey-multipart-1.8.jar;C:\Program Files\NetBeans 7.2\enterprise\modules\ext\rest\jersey-server-1.8.jar;C:\Program Files\NetBeans 7.2\enterprise\modules\ext\rest\jersey-simple-server-1.8.jar;C:\Program Files\NetBeans 7.2\enterprise\modules\ext\rest\jersey-spring-1.8.jar;C:\Program Files\NetBeans 7.2\enterprise\modules\ext\rest\jettison-1.1.jar;C:\Program Files\NetBeans 7.2\enterprise\modules\ext\rest\oauth-client-1.8.jar;C:\Program Files\NetBeans 7.2\enterprise\modules\ext\rest\oauth-server-1.8.jar;C:\Program Files\NetBeans 7.2\enterprise\modules\ext\rest\oauth-signature-1.8.jar;C:\Program Files\NetBeans 7.2\ide\modules\ext\jaxb\activation.jar;C:\Program Files\NetBeans 7.2\ide\modules\ext\jaxb\api\jaxb-api.jar;C:\Program Files\NetBeans 7.2\ide\modules\ext\jaxb\api\jsr173_1.0_api.jar" />
    <property name="libs.JMUnit4CLDC11.javadoc" value="C:\Program Files\NetBeans 7.2\mobility\modules\docs\jmunit-1.2.1-api.zip" />
    <property name="libs.MySQLDriver.maven-pom" value="" />
    <property name="libs.savaje-ant-utils.src" value="" />
    <property name="deployments.DeviceAnywhere.default.deployment.deviceanywhere.userid" value="" />
    <property name="deployment.NokiaDeployment.scriptfile" value="C:\Program Files\NetBeans 7.2\mobility\modules\scr\deploy-nokia-impl.xml" />
    <property name="libs.junit_4.javadoc" value="C:\Users\UDC\AppData\Roaming\NetBeans\7.2\docs\junit-4.10-javadoc.jar" />
    <property name="libs.spring-webmvc.javadoc" value="" />
    <property name="libs.EclipseLink-GlassFish-v3.maven-pom" value="" />
    <property name="libs.javaee-web-api-6.0.maven-pom" value="" />
    <property name="libs.cdc-pp-awt-layout.classpath" value="C:\Program Files\NetBeans 7.2\mobility\modules\ext\cdc-pp-awt-layout.jar" />
    <property name="libs.cdc-agui-swing-layout.src" value="C:\Program Files\NetBeans 7.2\mobility\sources\cdc-agui-swing-layout-src.zip" />
    <property name="run.classpath" value=":build/classes" />
    <property name="deployments.Scp.default.deployment.scp.server" value="" />
    <property name="libs.hibernate-support.src" value="" />
    <property name="jna.boot.library.name" value="jnidispatch-340" />
    <property name="libs.javaee-endorsed-api-6.0.javadoc" value="C:\Program Files\NetBeans 7.2\enterprise\docs\javaee6-doc-api.zip" />
    <property name="libs.JMUnit4CLDC11.classpath" value="C:\Program Files\NetBeans 7.2\mobility\modules\ext\jmunit4cldc11-1.2.1.jar" />
    <property name="libs.spring-webmvc3.0.javadoc" value="" />
    <property name="annotation.processing.enabled.in.editor" value="false" />
    <property name="libs.semc-ant-utils.maven-pom" value="" />
    <property name="deployments.Ftp.default.deployment.ftp.passive" value="false" />
    <property name="libs.nokiadeployment.maven-pom" value="" />
    <property name="libs.restapi.src" value="" />
    <property name="sun.management.compiler" value="HotSpot Client Compiler" />
    <property name="javac.deprecation" value="false" />
    <property name="javadoc.use" value="true" />
    <property name="sun.java2d.noddraw" value="true" />
    <property name="libs.jsp-compiler.classpath" value="C:\Program Files\NetBeans 7.2\enterprise\ant\extra\jspcompile.jar" />
    <property name="javac.processorpath" value="" />
    <property name="libs.spring-webmvc.classpath" value="C:\Program Files\NetBeans 7.2\enterprise\modules\ext\spring\spring-webmvc-2.5.6.SEC03.jar" />
    <property name="javac.compilerargs" value="" />
    <property name="svnkit.http.methods" value="Basic" />
    <property name="ant.file" value="C:\Users\UDC\Documents\proyectoDs\ArmenterosF-IzaguirreH-b1\build.xml" />
    <property name="libs.beans-binding.maven-pom" value="" />
    <property name="libs.jsf12.classpath" value="C:\Program Files\NetBeans 7.2\enterprise\modules\ext\jsf-1_2\commons-beanutils.jar;C:\Program Files\NetBeans 7.2\enterprise\modules\ext\jsf-1_2\commons-collections.jar;C:\Program Files\NetBeans 7.2\enterprise\modules\ext\jsf-1_2\commons-digester.jar;C:\Program Files\NetBeans 7.2\enterprise\modules\ext\jsf-1_2\commons-logging.jar;C:\Program Files\NetBeans 7.2\enterprise\modules\ext\jsf-1_2\jsf-api.jar;C:\Program Files\NetBeans 7.2\enterprise\modules\ext\jsf-1_2\jsf-impl.jar" />
    <property name="platforms.Oracle_Java_TM__Platform_Micro_Edition_SDK_3_0_5.preverifycommandline" value="" />
    <property name="libs.restapi.maven-pom" value="" />
    <property name="libs.beans-binding.src" value="" />
    <property name="java.vm.specification.vendor" value="Sun Microsystems Inc." />
    <property name="libs.swing-layout.src" value="C:\Program Files\NetBeans 7.2\platform\docs\swing-layout-1.0.4-src.zip" />
    <property name="libs.Java-EE-GlassFish-v3.embedabbleejb" value="" />
    <property name="ant.file.ArmenterosF-IzaguirreH-b1" value="C:\Users\UDC\Documents\proyectoDs\ArmenterosF-IzaguirreH-b1\build.xml" />
    <property name="libs.j2me_ant_ext.src" value="" />
    <property name="org.openide.major.version" value="IDE/1" />
    <property name="java.vm.name" value="Java HotSpot(TM) Client VM" />
    <property name="netbeans.user" value="C:\Users\UDC\AppData\Roaming\NetBeans\7.2" />
    <property name="javadoc.additionalparam" value="" />
    <property name="java.io.tmpdir" value="C:\Users\UDC\AppData\Local\Temp\" />
    <property name="java.vendor.url" value="http://java.sun.com/" />
    <property name="endorsed.classpath.cmd.line.arg" value="-Xbootclasspath/p:&apos;C:\Users\UDC\Documents\proyectoDs\ArmenterosF-IzaguirreH-b1\${endorsed.classpath}&apos;" />
    <property name="junit.available" value="true" />
    <property name="deployments.NokiaDeployment.default.deployment.nokia.deploytoalldevices" value="yes" />
    <property name="libs.jsp-compiler.src" value="" />
    <property name="org.openide.awt.ActionReference.completion" value="org.netbeans.modules.apisupport.project.layers.PathCompletions" />
    <property name="sun.boot.library.path" value="C:\Program Files\Java\jdk1.6.0_23\jre\bin" />
    <property name="have.sources" value="true" />
    <property name="debug.classpath" value=":build/classes" />
    <property name="javadoc.private" value="false" />
    <property name="test.src.dir" value="test" />
    <property name="libs.jsf20.classpath" value="C:\Program Files\NetBeans 7.2\enterprise\modules\ext\jsf-2_1\jsf-api.jar;C:\Program Files\NetBeans 7.2\enterprise\modules\ext\jsf-2_1\jsf-impl.jar" />
    <property name="ap.processors.internal" value="" />
    <property name="meta.inf.dir" value="src/META-INF" />
    <property name="javadoc.encoding.used" value="UTF-8" />
    <property name="deployments.WebDAV.default.deployment.webdav.userid" value="" />
    <property name="dist.jar" value="dist/ArmenterosF-IzaguirreH-b1.jar" />
    <property name="java.runtime.name" value="Java(TM) SE Runtime Environment" />
    <property name="deployments.Scp.default.deployment.scp.usekeyfile" value="no" />
    <property name="ant.project.name" value="ArmenterosF-IzaguirreH-b1" />
    <property name="netbeans.hash.code" value="unique=NB_CND_GFMOD_GROOVY_JAVA_JC_MOB_PHP_WEBCOMMON_WEBEE0584402cc-2a55-4f93-9d32-84b67a9e8290_2f14a3cf-dc0c-4a4f-99e4-708a4d575c92" />
    <property name="libs.jsp-compilation-syscp.maven-pom" value="" />
    <property name="netbeans.default_userdir_root" value="C:\Users\UDC\AppData\Roaming\NetBeans" />
    <property name="manifest.available-mkdist.available" value="true" />
    <property name="libs.j2me_ant_ext.maven-pom" value="" />
    <property name="sun.cpu.isalist" value="pentium_pro+mmx pentium_pro pentium+mmx pentium i486 i386 i86" />
    <property name="libs.CopyLibs.javadoc" value="" />
    <property name="org.openide.specification.version" value="6.2" />
    <property name="libs.hibernate-support.classpath" value="C:\Program Files\NetBeans 7.2\java\modules\ext\hibernate\antlr-2.7.6.jar;C:\Program Files\NetBeans 7.2\java\modules\ext\hibernate\asm.jar;C:\Program Files\NetBeans 7.2\java\modules\ext\hibernate\asm-attrs.jar;C:\Program Files\NetBeans 7.2\java\modules\ext\hibernate\cglib-2.1.3.jar;C:\Program Files\NetBeans 7.2\java\modules\ext\hibernate\commons-collections-2.1.1.jar;C:\Program Files\NetBeans 7.2\ide\modules\org-apache-commons-logging.jar;C:\Program Files\NetBeans 7.2\java\modules\ext\hibernate\dom4j-1.6.1.jar;C:\Program Files\NetBeans 7.2\java\modules\ext\hibernate\ehcache-1.2.3.jar;C:\Program Files\NetBeans 7.2\java\modules\ext\hibernate\jdbc2_0-stdext.jar;C:\Program Files\NetBeans 7.2\java\modules\ext\hibernate\jta.jar;C:\Program Files\NetBeans 7.2\java\modules\ext\hibernate\hibernate3.jar;C:\Program Files\NetBeans 7.2\java\modules\ext\hibernate\hibernate-tools.jar;C:\Program Files\NetBeans 7.2\java\modules\ext\hibernate\hibernate-annotations.jar;C:\Program Files\NetBeans 7.2\java\modules\ext\hibernate\hibernate-commons-annotations.jar;C:\Program Files\NetBeans 7.2\java\modules\ext\hibernate\hibernate-entitymanager.jar;C:\Program Files\NetBeans 7.2\java\modules\ext\hibernate\javassist.jar" />
    <property name="user.home" value="C:\Users\UDC" />
    <property name="annotation.processing.processors.list" value="" />
    <property name="debug-args-line" value="-Xdebug" />
    <property name="libs.primefaces.maven-pom" value="" />
    <property name="sun.zip.disableMemoryMapping" value="true" />
    <property name="libs.javaee-api-6.0.maven-pom" value="" />
    <property name="libs.JWSAntTasks.src" value="" />
    <property name="libs.CopyLibs.maven-pom" value="" />
    <property name="jar.index" value="false" />
    <property name="libs.hibernate-persistence.maven-pom" value="" />
    <property name="libs.spring-framework300.javadoc" value="" />
    <property name="libs.absolutelayout.javadoc" value="" />
    <property name="java.specification.name" value="Java Platform API Specification" />
    <property name="libs.jakarta_slide_ant_webdav.maven-pom" value="" />
    <property name="do.archive+main.class.available" value="true" />
    <property name="libs.sjmc-ant-utils.src" value="" />
    <property name="java.specification.vendor" value="Sun Microsystems Inc." />
    <property name="libs.cdc-agui-swing-layout.javadoc" value="" />
    <property name="libs.javac-api.classpath" value="C:\Program Files\NetBeans 7.2\java\modules\ext\nb-javac-api.jar" />
    <property name="java.version" value="1.6.0_23" />
    <property name="libs.nokiaS80-ant-utils.classpath" value="C:\Program Files\NetBeans 7.2\mobility\modules\ext\org-netbeans-modules-j2me-cdc-project-nokiaS80.jar" />
    <property name="javadoc.version" value="false" />
    <property name="run.jvmargs.ide" value="" />
    <property name="libs.MySQLDriver.javadoc" value="" />
    <property name="org.openide.version" value="deprecated" />
    <property name="source.encoding" value="UTF-8" />
    <property name="ap.cmd.line.internal" value="" />
    <property name="libs.eclipselinkmodelgen.maven-pom" value="" />
    <property name="libs.jsp-compilation-syscp.javadoc" value="" />
    <property name="libs.junit.maven-pom" value="" />
    <property name="libs.eclipselinkmodelgen.javadoc" value="" />
    <property name="libs.metro.javadoc" value="C:\Program Files\NetBeans 7.2\enterprise\docs\metro-1.4-doc.zip" />
    <property name="libs.struts.maven-pom" value="" />
    <property name="netbeans.home+have.tests" value="true" />
    <property name="annotation.processing.processor.options" value="" />
    <property name="libs.testng.maven-pom" value="" />
    <property name="libs.jaxb.src" value="" />
    <property name="libs.Java-EE-GlassFish-v3.wsgenerate" value="" />
    <property name="work.dir" value="C:\Users\UDC\Documents\proyectoDs\ArmenterosF-IzaguirreH-b1" />
    <property name="libs.cdc-ant-utils.src" value="" />
    <property name="libs.jaxb.classpath" value="C:\Program Files\NetBeans 7.2\ide\modules\ext\jaxb\jaxb-impl.jar;C:\Program Files\NetBeans 7.2\ide\modules\ext\jaxb\jaxb-xjc.jar;C:\Program Files\NetBeans 7.2\ide\modules\ext\jaxb\jaxb1-impl.jar;C:\Program Files\NetBeans 7.2\ide\modules\ext\jaxb\activation.jar;C:\Program Files\NetBeans 7.2\ide\modules\ext\jaxb\api\jaxb-api.jar;C:\Program Files\NetBeans 7.2\ide\modules\ext\jaxb\api\jsr173_1.0_api.jar" />
    <property name="deployment.Ftp.scriptfile" value="C:\Program Files\NetBeans 7.2\mobility\modules\scr\deploy-ftp-impl.xml" />
    <property name="do.depend" value="false" />
    <property name="dist.javadoc.dir" value="dist/javadoc" />
    <property name="libs.spring-webmvc3.0.classpath" value="C:\Program Files\NetBeans 7.2\java\modules\ext\spring-3.0\spring-webmvc-3.1.1.RELEASE.jar" />
    <property name="libs.swing-layout.classpath" value="C:\Program Files\NetBeans 7.2\platform\modules\ext\swing-layout-1.0.4.jar" />
    <property name="deployments.Ftp.default.deployment.ftp.port" value="21" />
    <property name="libs.restlib.src" value="" />
    <property name="build.generated.dir" value="build/generated" />
    <property name="javac.source" value="1.6" />
    <property name="line.separator" value="&#xd;&#xa;" />
    <property name="libs.hibernate-persistence.src" value="" />
    <property name="java.specification.version" value="1.6" />
    <property name="libs.jaxws21.maven-pom" value="" />
    <property name="java.vm.info" value="mixed mode, sharing" />
    <property name="libs.cdc-ant-utils.javadoc" value="" />
    <property name="nb.junit.batch" value="true" />
    <property name="junit.forkmode" value="perTest" />
    <property name="libs.ojec-ant-utils.classpath" value="C:\Program Files\NetBeans 7.2\mobility\modules\ext\org-netbeans-modules-j2me-cdc-project-ojec.jar" />
    <property name="build.test.cobertura.classes.dir" value="build/cobertura-instrumented-classes" />
    <property name="libs.spring-framework.maven-pom" value="" />
    <property name="sun.boot.class.path" value="C:\Users\UDC\Documents\proyectoDs\ArmenterosF-IzaguirreH-b1\${endorsed.classpath};C:\Program Files\Java\jdk1.6.0_23\jre\lib\resources.jar;C:\Program Files\Java\jdk1.6.0_23\jre\lib\rt.jar;C:\Program Files\Java\jdk1.6.0_23\jre\lib\sunrsasign.jar;C:\Program Files\Java\jdk1.6.0_23\jre\lib\jsse.jar;C:\Program Files\Java\jdk1.6.0_23\jre\lib\jce.jar;C:\Program Files\Java\jdk1.6.0_23\jre\lib\charsets.jar;C:\Program Files\Java\jdk1.6.0_23\jre\lib\modules\jdk.boot.jar;C:\Program Files\Java\jdk1.6.0_23\jre\classes" />
    <property name="javac.target" value="1.6" />
    <property name="platforms.Oracle_Java_TM__Platform_Micro_Edition_SDK_3_0_5.runcommandline" value="" />
    <property name="built-jar.properties" value="C:\Users\UDC\Documents\proyectoDs\ArmenterosF-IzaguirreH-b1\build\built-jar.properties" />
    <property name="build.test.classes.dir" value="build/test/classes" />
    <property name="src.dir" value="src" />
    <property name="ant.file.ArmenterosF-IzaguirreH-b1-impl" value="C:\Users\UDC\Documents\proyectoDs\ArmenterosF-IzaguirreH-b1\nbproject\build-impl.xml" />
    <property name="sun.awt.keepWorkingSetOnMinimize" value="true" />
    <property name="annotation.processing.enabled" value="true" />
    <property name="libs.jsf20.src" value="" />
    <property name="libs.jpa20-persistence.src" value="" />
    <property name="libs.jsf12.src" value="" />
    <property name="libs.nokiadeployment.src" value="" />
    <property name="libs.savaje-ant-utils.javadoc" value="" />
    <property name="libs.JAVADB_DRIVER_LABEL.maven-pom" value="" />
    <property name="libs.struts.javadoc" value="C:\Program Files\NetBeans 7.2\enterprise\docs\struts-1.3.10-javadoc.zip" />
    <property name="libs.Comet-GlassFish-v3.classpath" value="C:\Program Files\glassfish-3.1.2.2\glassfish\modules\grizzly-comet.jar" />
    <property name="libs.cdc-ant-utils.maven-pom" value="" />
    <property name="libs.primefaces.src" value="" />
    <property name="libs.cdc-agui-swing-layout.classpath" value="C:\Program Files\NetBeans 7.2\mobility\modules\ext\cdc-agui-swing-layout.jar" />
    <property name="deployments.Ftp.default.deployment.ftp.separator" value="/" />
    <property name="dist.dir" value="dist" />
    <property name="libs.groovy-all.javadoc" value="" />
    <property name="deployments.NokiaDeployment.default.deployment.nokia.selecteddevices" value="" />
    <property name="do.archive+manifest.available+main.class" value="true" />
    <property name="testng.debug.mode" value="" />
    <property name="libs.groovy-all.classpath" value="C:\Program Files\NetBeans 7.2\groovy\modules\ext\groovy-all.jar" />
    <property name="javac.fork" value="true" />
    <property name="libs.sjmc-ant-utils.classpath" value="C:\Program Files\NetBeans 7.2\mobility\modules\ext\org-netbeans-modules-j2me-cdc-project-sjmc.jar" />
    <property name="libs.JMUnit4CLDC10.classpath" value="C:\Program Files\NetBeans 7.2\mobility\modules\ext\jmunit4cldc10-1.2.1.jar" />
    <property name="java.awt.printerjob" value="sun.awt.windows.WPrinterJob" />
    <property name="default.javac.source" value="1.6" />
    <property name="debug-transport-by-os" value="dt_shmem" />
    <property name="libs.MySQLDriver.src" value="" />
    <property name="sun.jnu.encoding" value="Cp1252" />
    <property name="deployment.Copy.scriptfile" value="C:\Program Files\NetBeans 7.2\mobility\modules\scr\deploy-copy-impl.xml" />
    <property name="libs.ant-contrib.maven-pom" value="" />
    <property name="libs.nokiadeployment.javadoc" value="" />
    <property name="build.test.results.dir" value="build/test/results" />
    <property name="java.runtime.version" value="1.6.0_23-b05" />
    <property name="libs.ejb3-persistence.javadoc" value="" />
    <property name="libs.sjmc-ant-utils.javadoc" value="" />
    <property name="manifest.available+main.class+mkdist.available" value="true" />
    <property name="default.javac.target" value="1.6" />
    <property name="libs.Java-EE-GlassFish-v3.src" value="" />
    <property name="libs.junit_4.classpath" value="C:\Users\UDC\AppData\Roaming\NetBeans\7.2\modules\ext\junit-4.10.jar" />
    <property name="user.timezone" value="" />
    <property name="nb.junit.single" value="false" />
    <property name="libs.ant-contrib.src" value="" />
    <property name="libs.javaee-endorsed-api-6.0.maven-pom" value="" />
    <property name="libs.JAVADB_DRIVER_LABEL.javadoc" value="" />
    <property name="netbeans.dirs" value="C:\Program Files\NetBeans 7.2\nb;C:\Program Files\NetBeans 7.2\ergonomics;C:\Program Files\NetBeans 7.2\ide;C:\Program Files\NetBeans 7.2\java;C:\Program Files\NetBeans 7.2\apisupport;C:\Program Files\NetBeans 7.2\webcommon;C:\Program Files\NetBeans 7.2\websvccommon;C:\Program Files\NetBeans 7.2\enterprise;C:\Program Files\NetBeans 7.2\mobility;C:\Program Files\NetBeans 7.2\profiler;C:\Program Files\NetBeans 7.2\python;C:\Program Files\NetBeans 7.2\php;C:\Program Files\NetBeans 7.2\identity;C:\Program Files\NetBeans 7.2\harness;C:\Program Files\NetBeans 7.2\cnd;C:\Program Files\NetBeans 7.2\dlight;C:\Program Files\NetBeans 7.2\groovy;C:\Program Files\NetBeans 7.2\extra;C:\Program Files\NetBeans 7.2\javacard;C:\Program Files\NetBeans 7.2\javafx" />
    <property name="libs.jsf20.javadoc" value="C:\Program Files\NetBeans 7.2\enterprise\docs\javaee6-doc-api.zip" />
    <property name="java.ext.dirs" value="C:\Program Files\Java\jdk1.6.0_23\jre\lib\ext;C:\Windows\Sun\Java\lib\ext" />
    <property name="libs.metro.src" value="" />
    <property name="libs.savaje-ant-utils.maven-pom" value="" />
    <property name="libs.semc-ant-utils.src" value="" />
    <property name="platforms.CDC_Oracle_Java_TM__Platform_Micro_Edition_SDK_3_0_5.home" value="C:\Program Files\NetBeans 7.2\mobility\Java_ME_platform_SDK_3.0.5" />
    <property name="libs.absolutelayout.classpath" value="C:\Program Files\NetBeans 7.2\java\modules\ext\AbsoluteLayout.jar" />
    <property name="excludes" value="" />
    <property name="libs.metro.classpath" value="C:\Program Files\NetBeans 7.2\ide\modules\ext\jaxb\activation.jar;C:\Program Files\NetBeans 7.2\enterprise\modules\ext\metro\webservices-api.jar;C:\Program Files\NetBeans 7.2\enterprise\modules\ext\metro\webservices-extra-api.jar;C:\Program Files\NetBeans 7.2\enterprise\modules\ext\metro\webservices-extra.jar;C:\Program Files\NetBeans 7.2\enterprise\modules\ext\metro\webservices-rt.jar;C:\Program Files\NetBeans 7.2\enterprise\modules\ext\metro\webservices-tools.jar" />
    <property name="libs.restlib.maven-pom" value="" />
    <property name="apple.laf.useScreenMenuBar" value="true" />
    <property name="java.class.path" value="C:\Users\UDC\Documents\proyectoDs\ArmenterosF-IzaguirreH-b1\lib\cobertura-1.9.4.1\cobertura.jar;C:\Users\UDC\Documents\proyectoDs\ArmenterosF-IzaguirreH-b1\build\cobertura-instrumented-classes;C:\Users\UDC\Documents\proyectoDs\ArmenterosF-IzaguirreH-b1\build\classes;C:\Users\UDC\AppData\Roaming\NetBeans\7.2\modules\ext\junit-4.10.jar;C:\Users\UDC\Documents\proyectoDs\ArmenterosF-IzaguirreH-b1\build\test\classes;C:\Program Files\NetBeans 7.2\java\ant\lib\ant-launcher.jar;C:\Program Files\NetBeans 7.2\java\ant\lib\ant.jar;C:\Program Files\NetBeans 7.2\java\ant\lib\ant-junit.jar;C:\Program Files\NetBeans 7.2\java\ant\lib\ant-junit4.jar" />
    <property name="do.mkdist" value="true" />
    <property name="libs.absolutelayout.src" value="" />
    <property name="libs.jpa20-persistence.classpath" value="C:\Program Files\NetBeans 7.2\java\modules\ext\eclipselink\javax.persistence-2.0.3.jar" />
    <property name="libs.cdc-pp-awt-layout.maven-pom" value="" />
    <property name="os.version" value="6.1" />
    <property name="application.args" value="" />
    <property name="libs.EclipseLink-GlassFish-v3.javadoc" value="C:\Program Files\NetBeans 7.2\enterprise\docs\javaee6-doc-api.zip" />
    <property name="libs.JMUnit4CLDC11.maven-pom" value="" />
    <property name="main.class.available" value="true" />
    <property name="deployments.Ftp.default.deployment.ftp.userid" value="" />
    <property name="sun.desktop" value="windows" />
    <property name="libs.Comet-GlassFish-v3.src" value="" />
    <property name="libs.restlib.javadoc" value="C:\Program Files\NetBeans 7.2\enterprise\docs\jersey-1.8-javadoc.zip;C:\Program Files\NetBeans 7.2\enterprise\docs\jersey-apache-client-1.8-javadoc.zip;C:\Program Files\NetBeans 7.2\enterprise\docs\jersey-atom-abdera-1.8-javadoc.zip;C:\Program Files\NetBeans 7.2\enterprise\docs\jersey-guice-1.8-javadoc.zip;C:\Program Files\NetBeans 7.2\enterprise\docs\jersey-multipart-1.8-javadoc.zip;C:\Program Files\NetBeans 7.2\enterprise\docs\jersey-simple-server-1.8-javadoc.zip;C:\Program Files\NetBeans 7.2\enterprise\docs\jersey-spring-1.8-javadoc.zip;C:\Program Files\NetBeans 7.2\enterprise\docs\oauth-client-1.8-javadoc.zip;C:\Program Files\NetBeans 7.2\enterprise\docs\oauth-server-1.8-javadoc.zip;C:\Program Files\NetBeans 7.2\enterprise\docs\oauth-signature-1.8-javadoc.zip" />
    <property name="libs.JAXB-ENDORSED.classpath" value="C:\Program Files\NetBeans 7.2\ide\modules\ext\jaxb\api\jaxb-api.jar" />
    <property name="libs.eclipselink.classpath" value="C:\Program Files\NetBeans 7.2\java\modules\ext\eclipselink\eclipselink-2.3.2.jar;C:\Program Files\NetBeans 7.2\java\modules\ext\eclipselink\javax.persistence-2.0.3.jar;C:\Program Files\NetBeans 7.2\java\modules\ext\eclipselink\org.eclipse.persistence.jpa.jpql_1.0.1.jar" />
    <property name="libs.beans-binding.javadoc" value="C:\Program Files\NetBeans 7.2\java\docs\beansbinding-1.2.1-doc.zip" />
    <property name="java.awt.graphicsenv" value="sun.awt.Win32GraphicsEnvironment" />
    <property name="libs.Java-EE-GlassFish-v3.classpath" value="C:\Program Files\glassfish-3.1.2.2\glassfish\modules\javax.ejb.jar;C:\Program Files\glassfish-3.1.2.2\glassfish\modules\javax.servlet.jsp.jstl.jar;C:\Program Files\glassfish-3.1.2.2\glassfish\modules\javax.security.auth.message.jar;C:\Program Files\glassfish-3.1.2.2\glassfish\modules\javax.enterprise.deploy.jar;C:\Program Files\glassfish-3.1.2.2\glassfish\modules\bean-validator.jar;C:\Program Files\glassfish-3.1.2.2\glassfish\modules\javax.servlet.jsp-api.jar;C:\Program Files\glassfish-3.1.2.2\glassfish\modules\javax.jms.jar;C:\Program Files\glassfish-3.1.2.2\glassfish\modules\weld-osgi-bundle.jar;C:\Program Files\glassfish-3.1.2.2\glassfish\modules\jaxb-osgi.jar;C:\Program Files\glassfish-3.1.2.2\glassfish\modules\javax.transaction.jar;C:\Program Files\glassfish-3.1.2.2\glassfish\modules\javax.servlet.jsp.jstl-api.jar;C:\Program Files\glassfish-3.1.2.2\glassfish\modules\endorsed\javax.annotation.jar;C:\Program Files\glassfish-3.1.2.2\glassfish\modules\javax.el-api.jar;C:\Program Files\glassfish-3.1.2.2\glassfish\modules\javax.management.j2ee.jar;C:\Program Files\glassfish-3.1.2.2\glassfish\modules\javax.persistence.jar;C:\Program Files\glassfish-3.1.2.2\glassfish\modules\javax.resource.jar;C:\Program Files\glassfish-3.1.2.2\glassfish\modules\javax.mail.jar;C:\Program Files\glassfish-3.1.2.2\glassfish\modules\javax.servlet-api.jar;C:\Program Files\glassfish-3.1.2.2\mq\lib\jaxm-api.jar;C:\Program Files\glassfish-3.1.2.2\glassfish\modules\endorsed\webservices-api-osgi.jar;C:\Program Files\glassfish-3.1.2.2\glassfish\modules\webservices-osgi.jar;C:\Program Files\glassfish-3.1.2.2\glassfish\modules\javax.security.jacc.jar;C:\Program Files\glassfish-3.1.2.2\glassfish\modules\javax.faces.jar;C:\Program Files\glassfish-3.1.2.2\glassfish\modules\endorsed\jaxb-api-osgi.jar;C:\Program Files\glassfish-3.1.2.2\glassfish\modules\jersey-core.jar;C:\Program Files\glassfish-3.1.2.2\glassfish\modules\web-core.jar;C:\Program Files\glassfish-3.1.2.2\glassfish\modules\jackson-core-asl.jar;C:\Program Files\glassfish-3.1.2.2\glassfish\modules\jackson-jaxrs.jar;C:\Program Files\glassfish-3.1.2.2\glassfish\modules\jackson-mapper-asl.jar;C:\Program Files\glassfish-3.1.2.2\glassfish\modules\jersey-client.jar;C:\Program Files\glassfish-3.1.2.2\glassfish\modules\jersey-core.jar;C:\Program Files\glassfish-3.1.2.2\glassfish\modules\jersey-gf-server.jar;C:\Program Files\glassfish-3.1.2.2\glassfish\modules\jersey-json.jar;C:\Program Files\glassfish-3.1.2.2\glassfish\modules\jersey-multipart.jar;C:\Program Files\glassfish-3.1.2.2\glassfish\modules\jettison.jar;C:\Program Files\glassfish-3.1.2.2\glassfish\modules\mimepull.jar" />
    <property name="java.vm.vendor" value="Sun Microsystems Inc." />
    <property name="libs.CopyLibs.classpath" value="C:\Program Files\NetBeans 7.2\java\ant\extra\org-netbeans-modules-java-j2seproject-copylibstask.jar" />
    <property name="libs.spring-framework300.classpath" value="C:\Program Files\NetBeans 7.2\ide\modules\org-apache-commons-logging.jar;C:\Program Files\NetBeans 7.2\java\modules\ext\cglib-2.2.jar;C:\Program Files\NetBeans 7.2\java\modules\ext\spring-3.0\spring-aop-3.1.1.RELEASE.jar;C:\Program Files\NetBeans 7.2\java\modules\ext\spring-3.0\spring-asm-3.1.1.RELEASE.jar;C:\Program Files\NetBeans 7.2\java\modules\ext\spring-3.0\spring-aspects-3.1.1.RELEASE.jar;C:\Program Files\NetBeans 7.2\java\modules\ext\spring-3.0\spring-beans-3.1.1.RELEASE.jar;C:\Program Files\NetBeans 7.2\java\modules\ext\spring-3.0\spring-context-3.1.1.RELEASE.jar;C:\Program Files\NetBeans 7.2\java\modules\ext\spring-3.0\spring-context-support-3.1.1.RELEASE.jar;C:\Program Files\NetBeans 7.2\java\modules\ext\spring-3.0\spring-core-3.1.1.RELEASE.jar;C:\Program Files\NetBeans 7.2\java\modules\ext\spring-3.0\spring-expression-3.1.1.RELEASE.jar;C:\Program Files\NetBeans 7.2\java\modules\ext\spring-3.0\spring-instrument-3.1.1.RELEASE.jar;C:\Program Files\NetBeans 7.2\java\modules\ext\spring-3.0\spring-instrument-tomcat-3.1.1.RELEASE.jar;C:\Program Files\NetBeans 7.2\java\modules\ext\spring-3.0\spring-jdbc-3.1.1.RELEASE.jar;C:\Program Files\NetBeans 7.2\java\modules\ext\spring-3.0\spring-jms-3.1.1.RELEASE.jar;C:\Program Files\NetBeans 7.2\java\modules\ext\spring-3.0\spring-orm-3.1.1.RELEASE.jar;C:\Program Files\NetBeans 7.2\java\modules\ext\spring-3.0\spring-oxm-3.1.1.RELEASE.jar;C:\Program Files\NetBeans 7.2\java\modules\ext\spring-3.0\spring-test-3.1.1.RELEASE.jar;C:\Program Files\NetBeans 7.2\java\modules\ext\spring-3.0\spring-tx-3.1.1.RELEASE.jar;C:\Program Files\NetBeans 7.2\java\modules\ext\spring-3.0\spring-web-3.1.1.RELEASE.jar;C:\Program Files\NetBeans 7.2\java\modules\ext\spring-3.0\spring-webmvc-portlet-3.1.1.RELEASE.jar;C:\Program Files\NetBeans 7.2\java\modules\ext\spring-3.0\spring-webmvc-3.1.1.RELEASE.jar;C:\Program Files\NetBeans 7.2\java\modules\ext\spring-3.0\spring-struts-3.1.1.RELEASE.jar" />
    <property name="libs.jsp-compiler.maven-pom" value="" />
    <property name="deployment.SonnyEricsson.scriptfile" value="C:\Program Files\NetBeans 7.2\mobility\modules\scr\deploy-sonyericsson-impl.xml" />
    <property name="libs.Java-EE-GlassFish-v3.wsinterop" value="" />
    <property name="libs.spring-webmvc.maven-pom" value="" />
    <property name="run.jvmargs" value="" />
    <property name="libs.ejb3-persistence.classpath" value="C:\Program Files\NetBeans 7.2\java\modules\ext\hibernate\ejb3-persistence.jar" />
    <property name="libs.JAXB-ENDORSED.src" value="" />
    <property name="libs.spring-framework.javadoc" value="" />
    <property name="libs.testng.javadoc" value="C:\Program Files\NetBeans 7.2\platform\docs\testng-6.5.1-javadoc.zip" />
    <property name="libs.PostgreSQLDriver.classpath" value="C:\Program Files\NetBeans 7.2\ide\modules\ext\postgresql-9.1-901.jdbc4.jar" />
    <property name="libs.jsf12.maven-pom" value="" />
    <property name="libs.junit.src" value="" />
    <property name="annotation.processing.source.output" value="build/generated-sources/ap-source-output" />
    <property name="main.class" value="practica1.prueba" />
    <property name="libs.CopyLibs.src" value="" />
    <property name="build.dir" value="build" />
    <property name="libs.jsp-compilation.classpath" value="C:\Program Files\NetBeans 7.2\java\ant\lib\ant.jar;C:\Program Files\NetBeans 7.2\enterprise\modules\ext\servlet3.0-jsp2.2-api.jar;C:\Program Files\NetBeans 7.2\enterprise\modules\ext\glassfish-jspparser-3.0.jar;C:\Program Files\NetBeans 7.2\enterprise\modules\ext\jsf-2_1\jsf-api.jar;C:\Program Files\NetBeans 7.2\enterprise\modules\ext\jstl.jar;C:\Program Files\NetBeans 7.2\java\ant\lib\ant-launcher.jar" />
    <property name="ant.version" value="Apache Ant(TM) version 1.8.3 compiled on February 26 2012" />
    <property name="file.encoding" value="Cp1252" />
    <property name="build.classes.excludes" value="**/*.java,**/*.form" />
    <property name="javadoc.nonavbar" value="false" />
    <property name="jdkBug6558476" value="true" />
    <property name="deployments.Scp.default.deployment.scp.passphrase" value="" />
    <property name="platform.active" value="default_platform" />
    <property name="awt.toolkit" value="sun.awt.windows.WToolkit" />
  </properties>
  <testcase classname="ejercicio1.UtilidadesStringTest" name="testLongitud" time="0.023" />
  <testcase classname="ejercicio1.UtilidadesStringTest" name="testContarVocales" time="0.01" />
  <testcase classname="ejercicio1.UtilidadesStringTest" name="testContar" time="0.0010" />
  <system-out><![CDATA[longitud
contarVocales
contar
]]></system-out>
  <system-err><![CDATA[]]></system-err>
</testsuite>
